app/build/intermediates/manifest_merge_blame_file/release/manifest-merger-blame-release-report.txt
1<?xml version="1.0" encoding="utf-8"?>
2<manifest xmlns:android="http://schemas.android.com/apk/res/android"
3    package="te.app.ossman_elmonkz"
4    android:versionCode="1"
5    android:versionName="1.0" >
6
7    <uses-sdk
8        android:minSdkVersion="23"
8-->src/main/AndroidManifest.xml
9        android:targetSdkVersion="30" />
9-->src/main/AndroidManifest.xml
10
11    <uses-permission android:name="android.permission.READ_PHONE_STATE" />
11-->src/main/AndroidManifest.xml:6:5-75
11-->src/main/AndroidManifest.xml:6:22-72
12    <uses-permission android:name="android.permission.CALL_PHONE" />
12-->src/main/AndroidManifest.xml:7:5-69
12-->src/main/AndroidManifest.xml:7:22-66
13    <uses-permission android:name="android.permission.CAMERA" />
13-->src/main/AndroidManifest.xml:8:5-65
13-->src/main/AndroidManifest.xml:8:22-62
14    <uses-permission android:name="android.permission.READ_EXTERNAL_STORAGE" />
14-->src/main/AndroidManifest.xml:9:5-80
14-->src/main/AndroidManifest.xml:9:22-77
15    <uses-permission android:name="android.permission.WRITE_EXTERNAL_STORAGE" />
15-->src/main/AndroidManifest.xml:10:5-11:40
15-->src/main/AndroidManifest.xml:10:22-78
16    <uses-permission android:name="android.permission.INTERNET" />
16-->src/main/AndroidManifest.xml:12:5-67
16-->src/main/AndroidManifest.xml:12:22-64
17    <uses-permission android:name="android.permission.ACCESS_NETWORK_STATE" />
17-->src/main/AndroidManifest.xml:13:5-79
17-->src/main/AndroidManifest.xml:13:22-76
18    <uses-permission android:name="android.permission.WAKE_LOCK" />
18-->[com.google.android.gms:play-services-measurement:18.0.2] AndroidManifest.xml:25:5-68
18-->[com.google.android.gms:play-services-measurement:18.0.2] AndroidManifest.xml:25:22-65
19    <uses-permission android:name="com.google.android.finsky.permission.BIND_GET_INSTALL_REFERRER_SERVICE" /> <!-- Required by older versions of Google Play services to create IID tokens -->
19-->[com.google.android.gms:play-services-measurement:18.0.2] AndroidManifest.xml:26:5-110
19-->[com.google.android.gms:play-services-measurement:18.0.2] AndroidManifest.xml:26:22-107
20    <uses-permission android:name="com.google.android.c2dm.permission.RECEIVE" />
20-->[com.google.firebase:firebase-iid:21.0.1] AndroidManifest.xml:26:5-82
20-->[com.google.firebase:firebase-iid:21.0.1] AndroidManifest.xml:26:22-79
21
22    <application
22-->src/main/AndroidManifest.xml:15:5-54:19
23        android:name="te.app.ossman_elmonkz.base.MyApplication"
23-->src/main/AndroidManifest.xml:16:9-64
24        android:allowBackup="false"
24-->src/main/AndroidManifest.xml:17:9-36
25        android:appComponentFactory="androidx.core.app.CoreComponentFactory"
25-->[androidx.core:core:1.3.2] AndroidManifest.xml:24:18-86
26        android:extractNativeLibs="false"
27        android:hardwareAccelerated="true"
27-->src/main/AndroidManifest.xml:18:9-43
28        android:icon="@mipmap/ic_launcher"
28-->src/main/AndroidManifest.xml:19:9-43
29        android:label="@string/app_name"
29-->src/main/AndroidManifest.xml:20:9-41
30        android:largeHeap="true"
30-->src/main/AndroidManifest.xml:21:9-33
31        android:launchMode="singleTask"
31-->src/main/AndroidManifest.xml:22:9-40
32        android:requestLegacyExternalStorage="true"
32-->src/main/AndroidManifest.xml:23:9-52
33        android:supportsRtl="true"
33-->src/main/AndroidManifest.xml:24:9-35
34        android:theme="@style/AppTheme"
34-->src/main/AndroidManifest.xml:25:9-40
35        android:usesCleartextTraffic="true" >
35-->src/main/AndroidManifest.xml:26:9-44
36        <meta-data
36-->src/main/AndroidManifest.xml:29:9-31:54
37            android:name="com.google.firebase.messaging.default_notification_icon"
37-->src/main/AndroidManifest.xml:30:13-83
38            android:resource="@mipmap/ic_launcher" />
38-->src/main/AndroidManifest.xml:31:13-51
39        <meta-data
39-->src/main/AndroidManifest.xml:32:9-34:54
40            android:name="com.google.firebase.messaging.default_notification_color"
40-->src/main/AndroidManifest.xml:33:13-84
41            android:resource="@color/colorPrimary" />
41-->src/main/AndroidManifest.xml:34:13-51
42
43        <activity
43-->src/main/AndroidManifest.xml:36:9-40:70
44            android:name="te.app.ossman_elmonkz.activity.MainActivity"
44-->src/main/AndroidManifest.xml:38:13-71
45            android:configChanges="orientation|keyboardHidden|screenSize"
45-->src/main/AndroidManifest.xml:39:13-74
46            android:screenOrientation="portrait"
46-->src/main/AndroidManifest.xml:37:13-49
47            android:windowSoftInputMode="stateHidden|adjustResize" />
47-->src/main/AndroidManifest.xml:40:13-67
48        <activity
48-->src/main/AndroidManifest.xml:42:9-53:20
49            android:name="te.app.ossman_elmonkz.activity.BaseActivity"
49-->src/main/AndroidManifest.xml:43:13-71
50            android:configChanges="orientation|keyboardHidden|screenSize"
50-->src/main/AndroidManifest.xml:45:13-74
51            android:screenOrientation="portrait"
51-->src/main/AndroidManifest.xml:44:13-49
52            android:windowSoftInputMode="stateHidden|adjustResize" >
52-->src/main/AndroidManifest.xml:46:13-67
53            <intent-filter>
53-->src/main/AndroidManifest.xml:47:13-52:29
54                <action android:name="android.intent.action.MAIN" />
54-->src/main/AndroidManifest.xml:48:17-69
54-->src/main/AndroidManifest.xml:48:25-66
55                <action android:name="android.intent.action.VIEW" />
55-->src/main/AndroidManifest.xml:49:17-69
55-->src/main/AndroidManifest.xml:49:25-66
56
57                <category android:name="android.intent.category.LAUNCHER" />
57-->src/main/AndroidManifest.xml:51:17-77
57-->src/main/AndroidManifest.xml:51:27-74
58            </intent-filter>
59        </activity>
60
61        <meta-data
61-->[com.github.bumptech.glide:okhttp3-integration:4.11.0] AndroidManifest.xml:11:9-13:43
62            android:name="com.bumptech.glide.integration.okhttp3.OkHttpGlideModule"
62-->[com.github.bumptech.glide:okhttp3-integration:4.11.0] AndroidManifest.xml:12:13-84
63            android:value="GlideModule" />
63-->[com.github.bumptech.glide:okhttp3-integration:4.11.0] AndroidManifest.xml:13:13-40
64        <!--
65             FirebaseMessagingService performs security checks at runtime,
66             but set to not exported to explicitly avoid allowing another app to call it.
67        -->
68        <service
68-->[com.google.firebase:firebase-messaging:21.0.1] AndroidManifest.xml:28:9-35:19
69            android:name="com.google.firebase.messaging.FirebaseMessagingService"
69-->[com.google.firebase:firebase-messaging:21.0.1] AndroidManifest.xml:29:13-82
70            android:directBootAware="true"
70-->[com.google.firebase:firebase-messaging:21.0.1] AndroidManifest.xml:30:13-43
71            android:exported="false" >
71-->[com.google.firebase:firebase-messaging:21.0.1] AndroidManifest.xml:31:13-37
72            <intent-filter android:priority="-500" >
72-->[com.google.firebase:firebase-messaging:21.0.1] AndroidManifest.xml:32:13-34:29
72-->[com.google.firebase:firebase-messaging:21.0.1] AndroidManifest.xml:32:28-51
73                <action android:name="com.google.firebase.MESSAGING_EVENT" />
73-->[com.google.firebase:firebase-messaging:21.0.1] AndroidManifest.xml:33:17-78
73-->[com.google.firebase:firebase-messaging:21.0.1] AndroidManifest.xml:33:25-75
74            </intent-filter>
75        </service>
76        <service
76-->[com.google.firebase:firebase-messaging:21.0.1] AndroidManifest.xml:36:9-42:19
77            android:name="com.google.firebase.components.ComponentDiscoveryService"
77-->[com.google.firebase:firebase-messaging:21.0.1] AndroidManifest.xml:37:13-84
78            android:directBootAware="true"
78-->[com.google.firebase:firebase-common:19.5.0] AndroidManifest.xml:35:13-43
79            android:exported="false" >
79-->[com.google.firebase:firebase-messaging:21.0.1] AndroidManifest.xml:38:13-37
80            <meta-data
80-->[com.google.firebase:firebase-messaging:21.0.1] AndroidManifest.xml:39:13-41:85
81                android:name="com.google.firebase.components:com.google.firebase.messaging.FirebaseMessagingRegistrar"
81-->[com.google.firebase:firebase-messaging:21.0.1] AndroidManifest.xml:40:17-119
82                android:value="com.google.firebase.components.ComponentRegistrar" />
82-->[com.google.firebase:firebase-messaging:21.0.1] AndroidManifest.xml:41:17-82
83            <meta-data
83-->[com.google.android.gms:play-services-measurement-api:18.0.2] AndroidManifest.xml:30:13-32:85
84                android:name="com.google.firebase.components:com.google.firebase.analytics.connector.internal.AnalyticsConnectorRegistrar"
84-->[com.google.android.gms:play-services-measurement-api:18.0.2] AndroidManifest.xml:31:17-139
85                android:value="com.google.firebase.components.ComponentRegistrar" />
85-->[com.google.android.gms:play-services-measurement-api:18.0.2] AndroidManifest.xml:32:17-82
86            <meta-data
86-->[com.google.firebase:firebase-iid:21.0.1] AndroidManifest.xml:32:13-34:85
87                android:name="com.google.firebase.components:com.google.firebase.iid.Registrar"
87-->[com.google.firebase:firebase-iid:21.0.1] AndroidManifest.xml:33:17-96
88                android:value="com.google.firebase.components.ComponentRegistrar" />
88-->[com.google.firebase:firebase-iid:21.0.1] AndroidManifest.xml:34:17-82
89            <meta-data
89-->[com.google.firebase:firebase-installations:16.3.5] AndroidManifest.xml:18:13-20:85
90                android:name="com.google.firebase.components:com.google.firebase.installations.FirebaseInstallationsRegistrar"
90-->[com.google.firebase:firebase-installations:16.3.5] AndroidManifest.xml:19:17-127
91                android:value="com.google.firebase.components.ComponentRegistrar" />
91-->[com.google.firebase:firebase-installations:16.3.5] AndroidManifest.xml:20:17-82
92            <meta-data
92-->[com.google.firebase:firebase-datatransport:17.0.10] AndroidManifest.xml:28:13-30:85
93                android:name="com.google.firebase.components:com.google.firebase.datatransport.TransportRegistrar"
93-->[com.google.firebase:firebase-datatransport:17.0.10] AndroidManifest.xml:29:17-115
94                android:value="com.google.firebase.components.ComponentRegistrar" />
94-->[com.google.firebase:firebase-datatransport:17.0.10] AndroidManifest.xml:30:17-82
95            <!--
96                This registrar is not defined in the dynamic-module-support sdk itself to allow non-firebase
97                clients to use it as well, by defining this registrar in their own core/common library.
98            -->
99            <meta-data
99-->[com.google.firebase:firebase-common:19.5.0] AndroidManifest.xml:43:13-45:85
100                android:name="com.google.firebase.components:com.google.firebase.dynamicloading.DynamicLoadingRegistrar"
100-->[com.google.firebase:firebase-common:19.5.0] AndroidManifest.xml:44:17-121
101                android:value="com.google.firebase.components.ComponentRegistrar" />
101-->[com.google.firebase:firebase-common:19.5.0] AndroidManifest.xml:45:17-82
102        </service>
103
104        <receiver
104-->[com.google.android.gms:play-services-measurement:18.0.2] AndroidManifest.xml:29:9-33:20
105            android:name="com.google.android.gms.measurement.AppMeasurementReceiver"
105-->[com.google.android.gms:play-services-measurement:18.0.2] AndroidManifest.xml:30:13-85
106            android:enabled="true"
106-->[com.google.android.gms:play-services-measurement:18.0.2] AndroidManifest.xml:31:13-35
107            android:exported="false" >
107-->[com.google.android.gms:play-services-measurement:18.0.2] AndroidManifest.xml:32:13-37
108        </receiver>
109
110        <service
110-->[com.google.android.gms:play-services-measurement:18.0.2] AndroidManifest.xml:35:9-38:40
111            android:name="com.google.android.gms.measurement.AppMeasurementService"
111-->[com.google.android.gms:play-services-measurement:18.0.2] AndroidManifest.xml:36:13-84
112            android:enabled="true"
112-->[com.google.android.gms:play-services-measurement:18.0.2] AndroidManifest.xml:37:13-35
113            android:exported="false" />
113-->[com.google.android.gms:play-services-measurement:18.0.2] AndroidManifest.xml:38:13-37
114        <service
114-->[com.google.android.gms:play-services-measurement:18.0.2] AndroidManifest.xml:39:9-43:72
115            android:name="com.google.android.gms.measurement.AppMeasurementJobService"
115-->[com.google.android.gms:play-services-measurement:18.0.2] AndroidManifest.xml:40:13-87
116            android:enabled="true"
116-->[com.google.android.gms:play-services-measurement:18.0.2] AndroidManifest.xml:41:13-35
117            android:exported="false"
117-->[com.google.android.gms:play-services-measurement:18.0.2] AndroidManifest.xml:42:13-37
118            android:permission="android.permission.BIND_JOB_SERVICE" />
118-->[com.google.android.gms:play-services-measurement:18.0.2] AndroidManifest.xml:43:13-69
119
120        <receiver
120-->[com.google.firebase:firebase-iid:21.0.1] AndroidManifest.xml:37:9-44:20
121            android:name="com.google.firebase.iid.FirebaseInstanceIdReceiver"
121-->[com.google.firebase:firebase-iid:21.0.1] AndroidManifest.xml:38:13-78
122            android:exported="true"
122-->[com.google.firebase:firebase-iid:21.0.1] AndroidManifest.xml:39:13-36
123            android:permission="com.google.android.c2dm.permission.SEND" >
123-->[com.google.firebase:firebase-iid:21.0.1] AndroidManifest.xml:40:13-73
124            <intent-filter>
124-->[com.google.firebase:firebase-iid:21.0.1] AndroidManifest.xml:41:13-43:29
125                <action android:name="com.google.android.c2dm.intent.RECEIVE" />
125-->[com.google.firebase:firebase-iid:21.0.1] AndroidManifest.xml:42:17-81
125-->[com.google.firebase:firebase-iid:21.0.1] AndroidManifest.xml:42:25-78
126            </intent-filter>
127        </receiver>
128
129        <provider
129-->[com.google.firebase:firebase-common:19.5.0] AndroidManifest.xml:26:9-31:39
130            android:name="com.google.firebase.provider.FirebaseInitProvider"
130-->[com.google.firebase:firebase-common:19.5.0] AndroidManifest.xml:27:13-77
131            android:authorities="te.app.ossman_elmonkz.firebaseinitprovider"
131-->[com.google.firebase:firebase-common:19.5.0] AndroidManifest.xml:28:13-72
132            android:directBootAware="true"
132-->[com.google.firebase:firebase-common:19.5.0] AndroidManifest.xml:29:13-43
133            android:exported="false"
133-->[com.google.firebase:firebase-common:19.5.0] AndroidManifest.xml:30:13-37
134            android:initOrder="100" />
134-->[com.google.firebase:firebase-common:19.5.0] AndroidManifest.xml:31:13-36
135
136        <activity
136-->[com.google.android.gms:play-services-base:17.0.0] AndroidManifest.xml:23:9-26:75
137            android:name="com.google.android.gms.common.api.GoogleApiActivity"
137-->[com.google.android.gms:play-services-base:17.0.0] AndroidManifest.xml:24:13-79
138            android:exported="false"
138-->[com.google.android.gms:play-services-base:17.0.0] AndroidManifest.xml:25:13-37
139            android:theme="@android:style/Theme.Translucent.NoTitleBar" />
139-->[com.google.android.gms:play-services-base:17.0.0] AndroidManifest.xml:26:13-72
140
141        <meta-data
141-->[com.google.android.gms:play-services-basement:17.0.0] AndroidManifest.xml:23:9-25:69
142            android:name="com.google.android.gms.version"
142-->[com.google.android.gms:play-services-basement:17.0.0] AndroidManifest.xml:24:13-58
143            android:value="@integer/google_play_services_version" />
143-->[com.google.android.gms:play-services-basement:17.0.0] AndroidManifest.xml:25:13-66
144
145        <service
145-->[androidx.room:room-runtime:2.3.0] AndroidManifest.xml:25:9-28:40
146            android:name="androidx.room.MultiInstanceInvalidationService"
146-->[androidx.room:room-runtime:2.3.0] AndroidManifest.xml:26:13-74
147            android:directBootAware="true"
147-->[androidx.room:room-runtime:2.3.0] AndroidManifest.xml:27:13-43
148            android:exported="false" />
148-->[androidx.room:room-runtime:2.3.0] AndroidManifest.xml:28:13-37
149
150        <provider
150-->[com.squareup.picasso:picasso:2.71828] AndroidManifest.xml:8:9-11:40
151            android:name="com.squareup.picasso.PicassoProvider"
151-->[com.squareup.picasso:picasso:2.71828] AndroidManifest.xml:9:13-64
152            android:authorities="te.app.ossman_elmonkz.com.squareup.picasso"
152-->[com.squareup.picasso:picasso:2.71828] AndroidManifest.xml:10:13-72
153            android:exported="false" />
153-->[com.squareup.picasso:picasso:2.71828] AndroidManifest.xml:11:13-37
154
155        <service
155-->[com.google.android.datatransport:transport-backend-cct:2.3.3] AndroidManifest.xml:29:9-35:19
156            android:name="com.google.android.datatransport.runtime.backends.TransportBackendDiscovery"
156-->[com.google.android.datatransport:transport-backend-cct:2.3.3] AndroidManifest.xml:30:13-103
157            android:exported="false" >
157-->[com.google.android.datatransport:transport-backend-cct:2.3.3] AndroidManifest.xml:31:13-37
158            <meta-data
158-->[com.google.android.datatransport:transport-backend-cct:2.3.3] AndroidManifest.xml:32:13-34:39
159                android:name="backend:com.google.android.datatransport.cct.CctBackendFactory"
159-->[com.google.android.datatransport:transport-backend-cct:2.3.3] AndroidManifest.xml:33:17-94
160                android:value="cct" />
160-->[com.google.android.datatransport:transport-backend-cct:2.3.3] AndroidManifest.xml:34:17-36
161        </service>
162
163        <provider
163-->[androidx.lifecycle:lifecycle-process:2.2.0] AndroidManifest.xml:25:9-29:43
164            android:name="androidx.lifecycle.ProcessLifecycleOwnerInitializer"
164-->[androidx.lifecycle:lifecycle-process:2.2.0] AndroidManifest.xml:26:13-79
165            android:authorities="te.app.ossman_elmonkz.lifecycle-process"
165-->[androidx.lifecycle:lifecycle-process:2.2.0] AndroidManifest.xml:27:13-69
166            android:exported="false"
166-->[androidx.lifecycle:lifecycle-process:2.2.0] AndroidManifest.xml:28:13-37
167            android:multiprocess="true" />
167-->[androidx.lifecycle:lifecycle-process:2.2.0] AndroidManifest.xml:29:13-40
168
169        <service
169-->[com.google.android.datatransport:transport-runtime:2.2.5] AndroidManifest.xml:26:9-30:19
170            android:name="com.google.android.datatransport.runtime.scheduling.jobscheduling.JobInfoSchedulerService"
170-->[com.google.android.datatransport:transport-runtime:2.2.5] AndroidManifest.xml:27:13-117
171            android:exported="false"
171-->[com.google.android.datatransport:transport-runtime:2.2.5] AndroidManifest.xml:28:13-37
172            android:permission="android.permission.BIND_JOB_SERVICE" >
172-->[com.google.android.datatransport:transport-runtime:2.2.5] AndroidManifest.xml:29:13-69
173        </service>
174
175        <receiver
175-->[com.google.android.datatransport:transport-runtime:2.2.5] AndroidManifest.xml:32:9-34:40
176            android:name="com.google.android.datatransport.runtime.scheduling.jobscheduling.AlarmManagerSchedulerBroadcastReceiver"
176-->[com.google.android.datatransport:transport-runtime:2.2.5] AndroidManifest.xml:33:13-132
177            android:exported="false" />
177-->[com.google.android.datatransport:transport-runtime:2.2.5] AndroidManifest.xml:34:13-37
178    </application>
179
180</manifest>